<?xml version="1.0" encoding="UTF-8"?>
<!-- Generated by org.testng.reporters.JUnitXMLReporter -->
<testsuite ignored="0" hostname="LP-5CG2274BRL" failures="0" tests="5" name="Surefire test" time="61.063" errors="0" timestamp="2025-07-15T13:01:12 IST">
  <testcase classname="Guru99_TestCases.TC_1_LoginPage_TitleCheckTest" name="loginPage_titleCheck" time="0.046"/>
  <testcase classname="Guru99_TestCases.TC_2_LoginPage_UICheckTest" name="loginPage_UICheck" time="0.252"/>
  <testcase classname="Guru99_TestCases.TC_3_LoginPage_LoginFunctionalityTest" name="loginFunctionality" time="2.463"/>
  <testcase classname="Guru99_TestCases.TC_4_HomePage_TitleCheckTest" name="homePage_titleCheck" time="1.383"/>
  <testcase classname="Guru99_TestCases.TC_5_HomePage_UICheckTest" name="homePage_UICheck" time="2.426"/>
</testsuite> <!-- Surefire test -->
