<?xml version="1.0" encoding="UTF-8"?>
<!-- Generated by org.testng.reporters.JUnitXMLReporter -->
<testsuite ignored="0" hostname="LP-5CG2274BRL" failures="0" tests="5" name="Test" time="56.448" errors="0" timestamp="2025-07-15T13:05:24 IST">
  <testcase classname="Guru99_TestCases.TC_1_LoginPage_TitleCheckTest" name="loginPage_titleCheck" time="0.03"/>
  <testcase classname="Guru99_TestCases.TC_2_LoginPage_UICheckTest" name="loginPage_UICheck" time="0.173"/>
  <testcase classname="Guru99_TestCases.TC_3_LoginPage_LoginFunctionalityTest" name="loginFunctionality" time="3.381"/>
  <testcase classname="Guru99_TestCases.TC_4_HomePage_TitleCheckTest" name="homePage_titleCheck" time="1.31"/>
  <testcase classname="Guru99_TestCases.TC_5_HomePage_UICheckTest" name="homePage_UICheck" time="1.463"/>
</testsuite> <!-- Test -->
