<?xml version="1.0" encoding="UTF-8"?>
<testsuite xmlns:xsi="http://www.w3.org/2001/XMLSchema-instance" xsi:noNamespaceSchemaLocation="https://maven.apache.org/surefire/maven-surefire-plugin/xsd/surefire-test-report.xsd" version="3.0.1" name="TestSuite" time="57.423" tests="5" errors="0" skipped="0" failures="0">
  <properties>
[...]
</properties>
  <testcase name="loginPage_titleCheck" classname="Guru99_TestCases.TC_1_LoginPage_TitleCheckTest" time="0.041">
    <system-out><![CDATA[Guru99 Bank Home Page
]]></system-out>
    <system-err><![CDATA[SLF4J(W): No SLF4J providers were found.
SLF4J(W): Defaulting to no-operation (NOP) logger implementation
SLF4J(W): See https://www.slf4j.org/codes.html#noProviders for further details.
Jul 15, 2025 1:04:35 PM org.openqa.selenium.devtools.CdpVersionFinder findNearestMatch
WARNING: Unable to find an exact match for CDP version 138, returning the closest version; found: 134; Please update to a Selenium version that supports CDP version 138
]]></system-err>
  </testcase>
  <testcase name="loginPage_UICheck" classname="Guru99_TestCases.TC_2_LoginPage_UICheckTest" time="0.173">
    <system-err><![CDATA[Jul 15, 2025 1:04:46 PM org.openqa.selenium.devtools.CdpVersionFinder findNearestMatch
WARNING: Unable to find an exact match for CDP version 138, returning the closest version; found: 134; Please update to a Selenium version that supports CDP version 138
]]></system-err>
  </testcase>
  <testcase name="loginFunctionality" classname="Guru99_TestCases.TC_3_LoginPage_LoginFunctionalityTest" time="3.381">
    <system-out><![CDATA[2025-07-15T07:34:59.137992700Z main ERROR Log4j API could not find a logging provider.
Guru99 Bank Manager HomePage
]]></system-out>
    <system-err><![CDATA[Jul 15, 2025 1:04:55 PM org.openqa.selenium.devtools.CdpVersionFinder findNearestMatch
WARNING: Unable to find an exact match for CDP version 138, returning the closest version; found: 134; Please update to a Selenium version that supports CDP version 138
]]></system-err>
  </testcase>
  <testcase name="homePage_titleCheck" classname="Guru99_TestCases.TC_4_HomePage_TitleCheckTest" time="1.314">
    <system-out><![CDATA[Guru99 Bank Manager HomePage
]]></system-out>
    <system-err><![CDATA[Jul 15, 2025 1:05:09 PM org.openqa.selenium.devtools.CdpVersionFinder findNearestMatch
WARNING: Unable to find an exact match for CDP version 138, returning the closest version; found: 134; Please update to a Selenium version that supports CDP version 138
]]></system-err>
  </testcase>
  <testcase name="homePage_UICheck" classname="Guru99_TestCases.TC_5_HomePage_UICheckTest" time="1.463">
    <system-err><![CDATA[Jul 15, 2025 1:05:19 PM org.openqa.selenium.devtools.CdpVersionFinder findNearestMatch
WARNING: Unable to find an exact match for CDP version 138, returning the closest version; found: 134; Please update to a Selenium version that supports CDP version 138
]]></system-err>
  </testcase>
</testsuite>