<?xml version="1.0" encoding="UTF-8"?>
<testng-results ignored="0" total="5" passed="5" failed="0" skipped="0">
  <reporter-output>
  </reporter-output>
  <suite started-at="2025-07-15T13:04:28 IST" name="Suite" finished-at="2025-07-15T13:05:24 IST" duration-ms="56448">
    <groups>
    </groups>
    <test started-at="2025-07-15T13:04:28 IST" name="Test" finished-at="2025-07-15T13:05:24 IST" duration-ms="56448">
      <class name="Guru99_TestCases.TC_4_HomePage_TitleCheckTest">
        <test-method is-config="true" signature="initTest()[pri:0, instance:Guru99_TestCases.TC_4_HomePage_TitleCheckTest@223d2c72]" started-at="2025-07-15T13:05:03 IST" name="initTest" finished-at="2025-07-15T13:05:11 IST" duration-ms="8607" status="PASS">
          <reporter-output>
          </reporter-output>
        </test-method> <!-- initTest -->
        <test-method signature="homePage_titleCheck()[pri:0, instance:Guru99_TestCases.TC_4_HomePage_TitleCheckTest@223d2c72]" started-at="2025-07-15T13:05:11 IST" name="homePage_titleCheck" finished-at="2025-07-15T13:05:13 IST" duration-ms="1310" status="PASS">
          <reporter-output>
          </reporter-output>
        </test-method> <!-- homePage_titleCheck -->
        <test-method is-config="true" signature="tearDown()[pri:0, instance:Guru99_TestCases.TC_4_HomePage_TitleCheckTest@223d2c72]" started-at="2025-07-15T13:05:13 IST" name="tearDown" finished-at="2025-07-15T13:05:13 IST" duration-ms="682" status="PASS">
          <reporter-output>
          </reporter-output>
        </test-method> <!-- tearDown -->
      </class> <!-- Guru99_TestCases.TC_4_HomePage_TitleCheckTest -->
      <class name="Guru99_TestCases.TC_2_LoginPage_UICheckTest">
        <test-method is-config="true" signature="initTest()[pri:0, instance:Guru99_TestCases.TC_2_LoginPage_UICheckTest@1d2adfbe]" started-at="2025-07-15T13:04:40 IST" name="initTest" finished-at="2025-07-15T13:04:48 IST" duration-ms="8571" status="PASS">
          <reporter-output>
          </reporter-output>
        </test-method> <!-- initTest -->
        <test-method signature="loginPage_UICheck()[pri:0, instance:Guru99_TestCases.TC_2_LoginPage_UICheckTest@1d2adfbe]" started-at="2025-07-15T13:04:48 IST" name="loginPage_UICheck" finished-at="2025-07-15T13:04:49 IST" duration-ms="173" status="PASS">
          <reporter-output>
          </reporter-output>
        </test-method> <!-- loginPage_UICheck -->
        <test-method is-config="true" signature="tearDown()[pri:0, instance:Guru99_TestCases.TC_2_LoginPage_UICheckTest@1d2adfbe]" started-at="2025-07-15T13:04:49 IST" name="tearDown" finished-at="2025-07-15T13:04:49 IST" duration-ms="680" status="PASS">
          <reporter-output>
          </reporter-output>
        </test-method> <!-- tearDown -->
      </class> <!-- Guru99_TestCases.TC_2_LoginPage_UICheckTest -->
      <class name="Guru99_TestCases.TC_3_LoginPage_LoginFunctionalityTest">
        <test-method is-config="true" signature="initTest()[pri:0, instance:Guru99_TestCases.TC_3_LoginPage_LoginFunctionalityTest@36902638]" started-at="2025-07-15T13:04:49 IST" name="initTest" finished-at="2025-07-15T13:04:59 IST" duration-ms="9349" status="PASS">
          <reporter-output>
          </reporter-output>
        </test-method> <!-- initTest -->
        <test-method signature="loginFunctionality()[pri:0, instance:Guru99_TestCases.TC_3_LoginPage_LoginFunctionalityTest@36902638]" started-at="2025-07-15T13:04:59 IST" name="loginFunctionality" finished-at="2025-07-15T13:05:02 IST" duration-ms="3381" status="PASS">
          <reporter-output>
          </reporter-output>
        </test-method> <!-- loginFunctionality -->
        <test-method is-config="true" signature="tearDown()[pri:0, instance:Guru99_TestCases.TC_3_LoginPage_LoginFunctionalityTest@36902638]" started-at="2025-07-15T13:05:02 IST" name="tearDown" finished-at="2025-07-15T13:05:03 IST" duration-ms="712" status="PASS">
          <reporter-output>
          </reporter-output>
        </test-method> <!-- tearDown -->
      </class> <!-- Guru99_TestCases.TC_3_LoginPage_LoginFunctionalityTest -->
      <class name="Guru99_TestCases.TC_1_LoginPage_TitleCheckTest">
        <test-method is-config="true" signature="initTest()[pri:0, instance:Guru99_TestCases.TC_1_LoginPage_TitleCheckTest@5e0826e7]" started-at="2025-07-15T13:04:28 IST" name="initTest" finished-at="2025-07-15T13:04:38 IST" duration-ms="10717" status="PASS">
          <reporter-output>
          </reporter-output>
        </test-method> <!-- initTest -->
        <test-method signature="loginPage_titleCheck()[pri:0, instance:Guru99_TestCases.TC_1_LoginPage_TitleCheckTest@5e0826e7]" started-at="2025-07-15T13:04:38 IST" name="loginPage_titleCheck" finished-at="2025-07-15T13:04:38 IST" duration-ms="30" status="PASS">
          <reporter-output>
          </reporter-output>
        </test-method> <!-- loginPage_titleCheck -->
        <test-method is-config="true" signature="tearDown()[pri:0, instance:Guru99_TestCases.TC_1_LoginPage_TitleCheckTest@5e0826e7]" started-at="2025-07-15T13:04:38 IST" name="tearDown" finished-at="2025-07-15T13:04:40 IST" duration-ms="1438" status="PASS">
          <reporter-output>
          </reporter-output>
        </test-method> <!-- tearDown -->
      </class> <!-- Guru99_TestCases.TC_1_LoginPage_TitleCheckTest -->
      <class name="Guru99_TestCases.TC_5_HomePage_UICheckTest">
        <test-method is-config="true" signature="initTest()[pri:0, instance:Guru99_TestCases.TC_5_HomePage_UICheckTest@8f4ea7c]" started-at="2025-07-15T13:05:13 IST" name="initTest" finished-at="2025-07-15T13:05:22 IST" duration-ms="8638" status="PASS">
          <reporter-output>
          </reporter-output>
        </test-method> <!-- initTest -->
        <test-method signature="homePage_UICheck()[pri:0, instance:Guru99_TestCases.TC_5_HomePage_UICheckTest@8f4ea7c]" started-at="2025-07-15T13:05:22 IST" name="homePage_UICheck" finished-at="2025-07-15T13:05:23 IST" duration-ms="1463" status="PASS">
          <reporter-output>
          </reporter-output>
        </test-method> <!-- homePage_UICheck -->
        <test-method is-config="true" signature="tearDown()[pri:0, instance:Guru99_TestCases.TC_5_HomePage_UICheckTest@8f4ea7c]" started-at="2025-07-15T13:05:23 IST" name="tearDown" finished-at="2025-07-15T13:05:24 IST" duration-ms="639" status="PASS">
          <reporter-output>
          </reporter-output>
        </test-method> <!-- tearDown -->
      </class> <!-- Guru99_TestCases.TC_5_HomePage_UICheckTest -->
    </test> <!-- Test -->
  </suite> <!-- Suite -->
</testng-results>
