<?xml version="1.0" encoding="UTF-8"?>
<testng-results ignored="0" total="5" passed="5" failed="0" skipped="0">
  <reporter-output>
  </reporter-output>
  <suite started-at="2025-07-14T15:27:04 IST" name="Suite" finished-at="2025-07-14T15:28:50 IST" duration-ms="106245">
    <groups>
    </groups>
    <test started-at="2025-07-14T15:27:04 IST" name="Test" finished-at="2025-07-14T15:28:50 IST" duration-ms="106245">
      <class name="Guru99_TestCases.TC_4_HomePage_TitleCheckTest">
        <test-method is-config="true" signature="initTest()[pri:0, instance:Guru99_TestCases.TC_4_HomePage_TitleCheckTest@1fa121e2]" started-at="2025-07-14T15:28:20 IST" name="initTest" finished-at="2025-07-14T15:28:32 IST" duration-ms="12257" status="PASS">
          <reporter-output>
          </reporter-output>
        </test-method> <!-- initTest -->
        <test-method signature="homePage_titleCheck()[pri:0, instance:Guru99_TestCases.TC_4_HomePage_TitleCheckTest@1fa121e2]" started-at="2025-07-14T15:28:32 IST" name="homePage_titleCheck" finished-at="2025-07-14T15:28:34 IST" duration-ms="1630" status="PASS">
          <reporter-output>
          </reporter-output>
        </test-method> <!-- homePage_titleCheck -->
        <test-method is-config="true" signature="tearDown()[pri:0, instance:Guru99_TestCases.TC_4_HomePage_TitleCheckTest@1fa121e2]" started-at="2025-07-14T15:28:34 IST" name="tearDown" finished-at="2025-07-14T15:28:35 IST" duration-ms="1140" status="PASS">
          <reporter-output>
          </reporter-output>
        </test-method> <!-- tearDown -->
      </class> <!-- Guru99_TestCases.TC_4_HomePage_TitleCheckTest -->
      <class name="Guru99_TestCases.TC_2_LoginPage_UICheckTest">
        <test-method is-config="true" signature="initTest()[pri:0, instance:Guru99_TestCases.TC_2_LoginPage_UICheckTest@3b0090a4]" started-at="2025-07-14T15:27:52 IST" name="initTest" finished-at="2025-07-14T15:28:03 IST" duration-ms="10451" status="PASS">
          <reporter-output>
          </reporter-output>
        </test-method> <!-- initTest -->
        <test-method signature="loginPage_UICheck()[pri:0, instance:Guru99_TestCases.TC_2_LoginPage_UICheckTest@3b0090a4]" started-at="2025-07-14T15:28:03 IST" name="loginPage_UICheck" finished-at="2025-07-14T15:28:03 IST" duration-ms="291" status="PASS">
          <reporter-output>
          </reporter-output>
        </test-method> <!-- loginPage_UICheck -->
        <test-method is-config="true" signature="tearDown()[pri:0, instance:Guru99_TestCases.TC_2_LoginPage_UICheckTest@3b0090a4]" started-at="2025-07-14T15:28:03 IST" name="tearDown" finished-at="2025-07-14T15:28:04 IST" duration-ms="1079" status="PASS">
          <reporter-output>
          </reporter-output>
        </test-method> <!-- tearDown -->
      </class> <!-- Guru99_TestCases.TC_2_LoginPage_UICheckTest -->
      <class name="Guru99_TestCases.TC_3_LoginPage_LoginFunctionalityTest">
        <test-method is-config="true" signature="initTest()[pri:0, instance:Guru99_TestCases.TC_3_LoginPage_LoginFunctionalityTest@3cd3e762]" started-at="2025-07-14T15:28:04 IST" name="initTest" finished-at="2025-07-14T15:28:16 IST" duration-ms="11994" status="PASS">
          <reporter-output>
          </reporter-output>
        </test-method> <!-- initTest -->
        <test-method signature="loginFunctionality()[pri:0, instance:Guru99_TestCases.TC_3_LoginPage_LoginFunctionalityTest@3cd3e762]" started-at="2025-07-14T15:28:16 IST" name="loginFunctionality" finished-at="2025-07-14T15:28:19 IST" duration-ms="2775" status="PASS">
          <reporter-output>
          </reporter-output>
        </test-method> <!-- loginFunctionality -->
        <test-method is-config="true" signature="tearDown()[pri:0, instance:Guru99_TestCases.TC_3_LoginPage_LoginFunctionalityTest@3cd3e762]" started-at="2025-07-14T15:28:19 IST" name="tearDown" finished-at="2025-07-14T15:28:20 IST" duration-ms="1119" status="PASS">
          <reporter-output>
          </reporter-output>
        </test-method> <!-- tearDown -->
      </class> <!-- Guru99_TestCases.TC_3_LoginPage_LoginFunctionalityTest -->
      <class name="Guru99_TestCases.TC_1_LoginPage_TitleCheckTest">
        <test-method is-config="true" signature="initTest()[pri:0, instance:Guru99_TestCases.TC_1_LoginPage_TitleCheckTest@28701274]" started-at="2025-07-14T15:27:04 IST" name="initTest" finished-at="2025-07-14T15:27:51 IST" duration-ms="46615" status="PASS">
          <reporter-output>
          </reporter-output>
        </test-method> <!-- initTest -->
        <test-method signature="loginPage_titleCheck()[pri:0, instance:Guru99_TestCases.TC_1_LoginPage_TitleCheckTest@28701274]" started-at="2025-07-14T15:27:51 IST" name="loginPage_titleCheck" finished-at="2025-07-14T15:27:51 IST" duration-ms="39" status="PASS">
          <reporter-output>
          </reporter-output>
        </test-method> <!-- loginPage_titleCheck -->
        <test-method is-config="true" signature="tearDown()[pri:0, instance:Guru99_TestCases.TC_1_LoginPage_TitleCheckTest@28701274]" started-at="2025-07-14T15:27:51 IST" name="tearDown" finished-at="2025-07-14T15:27:52 IST" duration-ms="1405" status="PASS">
          <reporter-output>
          </reporter-output>
        </test-method> <!-- tearDown -->
      </class> <!-- Guru99_TestCases.TC_1_LoginPage_TitleCheckTest -->
      <class name="Guru99_TestCases.TC_5_HomePage_UICheckTest">
        <test-method is-config="true" signature="initTest()[pri:0, instance:Guru99_TestCases.TC_5_HomePage_UICheckTest@7eac9008]" started-at="2025-07-14T15:28:35 IST" name="initTest" finished-at="2025-07-14T15:28:47 IST" duration-ms="12459" status="PASS">
          <reporter-output>
          </reporter-output>
        </test-method> <!-- initTest -->
        <test-method signature="homePage_UICheck()[pri:0, instance:Guru99_TestCases.TC_5_HomePage_UICheckTest@7eac9008]" started-at="2025-07-14T15:28:47 IST" name="homePage_UICheck" finished-at="2025-07-14T15:28:49 IST" duration-ms="1838" status="PASS">
          <reporter-output>
          </reporter-output>
        </test-method> <!-- homePage_UICheck -->
        <test-method is-config="true" signature="tearDown()[pri:0, instance:Guru99_TestCases.TC_5_HomePage_UICheckTest@7eac9008]" started-at="2025-07-14T15:28:49 IST" name="tearDown" finished-at="2025-07-14T15:28:50 IST" duration-ms="1069" status="PASS">
          <reporter-output>
          </reporter-output>
        </test-method> <!-- tearDown -->
      </class> <!-- Guru99_TestCases.TC_5_HomePage_UICheckTest -->
    </test> <!-- Test -->
  </suite> <!-- Suite -->
</testng-results>
